2025-04-04 08:56:06.289894 - Received CBT.V508.FILE387.PDS from FILE387.XMI 
2025-04-04 08:56:06.291198 - Found $$$#DATE.txt (text/plain) in CBT.V508.FILE387.PDS, moved to PDS/$$$#DATE
2025-04-04 08:56:06.291350 - Found $$README.txt (text/plain) in CBT.V508.FILE387.PDS, moved to PDS/$$README
2025-04-04 08:56:06.291489 - Found $$XPLPAS.txt (text/plain) in CBT.V508.FILE387.PDS, moved to PDS/$$XPLPAS
2025-04-04 08:56:06.291618 - Found @FILE387.txt (text/plain) in CBT.V508.FILE387.PDS, moved to PDS/@FILE387
2025-04-04 08:56:06.291746 - Found FILE01.txt (text/plain) in CBT.V508.FILE387.PDS, moved to PDS/FILE01
2025-04-04 08:56:06.291909 - Found FILE02.txt (text/plain) in CBT.V508.FILE387.PDS, moved to PDS/FILE02
2025-04-04 08:56:06.292047 - Found FILE03.txt (text/plain) in CBT.V508.FILE387.PDS, moved to PDS/FILE03
2025-04-04 08:56:06.292172 - Found FILE04.bin (application/octet-stream) in CBT.V508.FILE387.PDS, moved to PDS/FILE04
2025-04-04 08:56:06.292320 - Found FILE05.txt (text/plain) in CBT.V508.FILE387.PDS, moved to PDS/FILE05
2025-04-04 08:56:06.292459 - Found FILE06.bin (application/octet-stream) in CBT.V508.FILE387.PDS, moved to PDS/FILE06
2025-04-04 08:56:06.292636 - Found FILE07.txt (text/plain) in CBT.V508.FILE387.PDS, moved to PDS/FILE07
2025-04-04 08:56:06.292770 - Found FILE08.x-adobe-aco (application/x-adobe-aco) in CBT.V508.FILE387.PDS, moved to PDS/FILE08
2025-04-04 08:56:06.292907 - Found FILE09.txt (text/plain) in CBT.V508.FILE387.PDS, moved to PDS/FILE09
2025-04-04 08:56:06.293062 - Found FILE10.bin (application/octet-stream) in CBT.V508.FILE387.PDS, moved to PDS/FILE10
2025-04-04 08:56:06.293199 - Found FILE11.txt (text/plain) in CBT.V508.FILE387.PDS, moved to PDS/FILE11
2025-04-04 08:56:06.293316 - Found FILE12.bin (application/octet-stream) in CBT.V508.FILE387.PDS, moved to PDS/FILE12
2025-04-04 08:56:06.293439 - Found FILE13.txt (text/plain) in CBT.V508.FILE387.PDS, moved to PDS/FILE13
2025-04-04 08:56:06.293587 - Found FILE14.txt (text/plain) in CBT.V508.FILE387.PDS, moved to PDS/FILE14
2025-04-04 08:56:06.293746 - Found FILE15.bin (application/octet-stream) in CBT.V508.FILE387.PDS, moved to PDS/FILE15
2025-04-04 08:56:06.293891 - Found FILE16.txt (text/plain) in CBT.V508.FILE387.PDS, moved to PDS/FILE16
2025-04-04 08:56:06.294019 - Found FILE17.txt (text/plain) in CBT.V508.FILE387.PDS, moved to PDS/FILE17
2025-04-04 08:56:06.294154 - Found FILE18.txt (text/plain) in CBT.V508.FILE387.PDS, moved to PDS/FILE18
2025-04-04 08:56:06.294294 - Found FILE19.txt (text/plain) in CBT.V508.FILE387.PDS, moved to PDS/FILE19
2025-04-04 08:56:06.294412 - Found FILE20.txt (text/plain) in CBT.V508.FILE387.PDS, moved to PDS/FILE20
2025-04-04 08:56:06.294531 - Found FILE21.txt (text/plain) in CBT.V508.FILE387.PDS, moved to PDS/FILE21
2025-04-04 08:56:06.294642 - Found FILE22.txt (text/plain) in CBT.V508.FILE387.PDS, moved to PDS/FILE22
2025-04-04 08:56:06.294757 - Found FILE23.txt (text/plain) in CBT.V508.FILE387.PDS, moved to PDS/FILE23
2025-04-04 08:56:06.294873 - Found FILE24.txt (text/plain) in CBT.V508.FILE387.PDS, moved to PDS/FILE24
2025-04-04 08:56:06.294988 - Found FILE25.txt (text/plain) in CBT.V508.FILE387.PDS, moved to PDS/FILE25
